<?xml version="1.0" encoding="UTF-8"?>
<!-- Generated by org.testng.reporters.JUnitReportReporter -->
<testsuite name="jenkinPacakgeTest.JenkinTest" tests="1" time="135.165" ignored="0" failures="0" timestamp="01 Sep 2019 20:44:13 GMT" skipped="0" hostname="PAVILION" errors="0">
  <testcase name="TravelDetails" time="135.165" classname="jenkinPacakgeTest.JenkinTest"/>
</testsuite> <!-- jenkinPacakgeTest.JenkinTest -->
